<?xml version="1.0" encoding="UTF-8"?>
<!-- Generated by org.testng.reporters.JUnitReportReporter -->
<testsuite hostname="ASUS5-AK" failures="0" tests="6" name="Test.Test1" time="9.235" errors="0" timestamp="2024-09-15T16:22:26 IST" skipped="0">
  <testcase classname="Test.Test1" name="Login" time="0.715">
    <system-out>
      <![CDATA[https://www.saucedemo.com/
https://www.saucedemo.com/inventory.html]]>
    </system-out>
  </testcase> <!-- Login -->
  <testcase classname="Test.Test1" name="Home" time="0.669">
    <system-out>
      <![CDATA[https://www.saucedemo.com/inventory.html
https://www.saucedemo.com/cart.html]]>
    </system-out>
  </testcase> <!-- Home -->
  <testcase classname="Test.Test1" name="card" time="0.334"/>
  <testcase classname="Test.Test1" name="userdetails" time="0.573">
    <system-out>
      <![CDATA[https://www.saucedemo.com/checkout-step-one.html
https://www.saucedemo.com/checkout-step-two.html]]>
    </system-out>
  </testcase> <!-- userdetails -->
  <testcase classname="Test.Test1" name="orderplaced" time="0.118">
    <system-out>
      <![CDATA[https://www.saucedemo.com/checkout-step-two.html
https://www.saucedemo.com/checkout-complete.html]]>
    </system-out>
  </testcase> <!-- orderplaced -->
  <testcase classname="Test.Test1" name="Logout" time="6.826">
    <system-out>
      <![CDATA[https://www.saucedemo.com/checkout-complete.html]]>
    </system-out>
  </testcase> <!-- Logout -->
  <system-out>
    <![CDATA[https://www.saucedemo.com/
https://www.saucedemo.com/inventory.html
https://www.saucedemo.com/inventory.html
https://www.saucedemo.com/cart.html
https://www.saucedemo.com/checkout-step-one.html
https://www.saucedemo.com/checkout-step-two.html
https://www.saucedemo.com/checkout-step-two.html
https://www.saucedemo.com/checkout-complete.html
https://www.saucedemo.com/checkout-complete.html]]>
  </system-out>
</testsuite> <!-- Test.Test1 -->
