<?xml version="1.0" encoding="UTF-8"?>
<!-- Generated by org.testng.reporters.JUnitReportReporter -->
<testsuite hostname="ASUS5-AK" failures="0" tests="3" name="FormTest.Testform" time="13.077" errors="0" timestamp="2024-08-21T16:13:33 IST" skipped="0">
  <testcase classname="FormTest.Testform" name="form" time="7.469"/>
  <testcase classname="FormTest.Testform" name="successdisplay" time="5.456"/>
  <testcase classname="FormTest.Testform" name="submit" time="0.152"/>
</testsuite> <!-- FormTest.Testform -->
