<?xml version="1.0" encoding="UTF-8"?>
<!-- Generated by org.testng.reporters.JUnitReportReporter -->
<testsuite hostname="ASUS5-AK" failures="0" tests="1" name="Header_Cookies.Cookies" time="4.461" errors="0" timestamp="2024-09-12T17:55:20 IST" skipped="0">
  <testcase classname="Header_Cookies.Cookies" name="C" time="4.461"/>
</testsuite> <!-- Header_Cookies.Cookies -->
