<?xml version="1.0" encoding="UTF-8"?>
<!-- Generated by org.testng.reporters.JUnitReportReporter -->
<testsuite hostname="ASUS5-AK" failures="0" tests="2" name="Testrunner.Runner" time="10.934" errors="0" timestamp="2024-09-16T13:18:48 IST" skipped="0">
  <testcase classname="Testrunner.Runner" name="runScenario" time="4.650"/>
  <testcase classname="Testrunner.Runner" name="runScenario" time="6.284"/>
</testsuite> <!-- Testrunner.Runner -->
