<?xml version="1.0" encoding="UTF-8"?>
<!-- Generated by org.testng.reporters.JUnitReportReporter -->
<testsuite hostname="ASUS5-AK" failures="0" tests="3" name="LoginPgaeTest.T01Login" time="5.240" errors="0" timestamp="2024-08-18T19:25:54 IST" skipped="0">
  <testcase classname="LoginPgaeTest.T01Login" name="Login" time="3.900">
    <system-out>
      <![CDATA[Test Login | Practice Test Automation]]>
    </system-out>
  </testcase> <!-- Login -->
  <testcase classname="LoginPgaeTest.T01Login" name="Logout" time="1.319">
    <system-out>
      <![CDATA[Logged In Successfully | Practice Test Automation]]>
    </system-out>
  </testcase> <!-- Logout -->
  <testcase classname="LoginPgaeTest.T01Login" name="Logoutcomform" time="0.021">
    <system-out>
      <![CDATA[Test Login | Practice Test Automation]]>
    </system-out>
  </testcase> <!-- Logoutcomform -->
  <system-out>
    <![CDATA[Test Login | Practice Test Automation
Logged In Successfully | Practice Test Automation
Test Login | Practice Test Automation]]>
  </system-out>
</testsuite> <!-- LoginPgaeTest.T01Login -->
