<?xml version="1.0" encoding="UTF-8"?>
<!-- Generated by org.testng.reporters.JUnitReportReporter -->
<testsuite hostname="ASUS5-AK" failures="0" tests="1" name="LoginPgaeTest.T01Logout" time="3.800" errors="0" timestamp="2024-08-17T13:54:40 IST" skipped="0">
  <testcase classname="LoginPgaeTest.T01Logout" name="Login" time="3.800">
    <system-out>
      <![CDATA[Test Login | Practice Test Automation]]>
    </system-out>
  </testcase> <!-- Login -->
  <system-out>
    <![CDATA[Test Login | Practice Test Automation
Test Login | Practice Test Automation]]>
  </system-out>
</testsuite> <!-- LoginPgaeTest.T01Logout -->
