<?xml version="1.0" encoding="UTF-8"?>
<!-- Generated by org.testng.reporters.JUnitReportReporter -->
<testsuite hostname="ASUS5-AK" failures="0" tests="1" name="Maveen.Testmaveen.NewTest" time="0.029" errors="0" timestamp="2024-08-16T21:27:07 IST" skipped="0">
  <testcase classname="Maveen.Testmaveen.NewTest" name="f" time="0.029"/>
</testsuite> <!-- Maveen.Testmaveen.NewTest -->
